\BOOKMARK [1][-]{section.1}{\376\377\004\022\004\113\004\107\004\070\004\101\004\073\004\070\004\102\004\065\004\073\004\114\004\075\004\113\004\065\000\040\004\074\004\065\004\102\004\076\004\064\004\113\000\040\004\073\004\070\004\075\004\065\004\071\004\075\004\076\004\071\000\040\004\060\004\073\004\063\004\065\004\061\004\100\004\113}{}% 1
\BOOKMARK [2][-]{subsection.1.1}{\376\377\000L\000U\000-\004\100\004\060\004\067\004\073\004\076\004\066\004\065\004\075\004\070\004\065\000\040\004\074\004\060\004\102\004\100\004\070\004\106\000.\000\040\004\034\004\065\004\102\004\076\004\064\000\040\004\023\004\060\004\103\004\101\004\101\004\060}{section.1}% 2
\BOOKMARK [3][-]{subsubsection.1.1.1}{\376\377\004\037\004\076\004\101\004\102\004\060\004\075\004\076\004\062\004\072\004\060\000\040\004\067\004\060\004\064\004\060\004\107\004\070}{subsection.1.1}% 3
\BOOKMARK [3][-]{subsubsection.1.1.2}{\376\377\004\032\004\076\004\075\004\101\004\076\004\073\004\114}{subsection.1.1}% 4
\BOOKMARK [3][-]{subsubsection.1.1.3}{\376\377\004\030\004\101\004\105\004\076\004\064\004\075\004\113\004\071\000\040\004\072\004\076\004\064}{subsection.1.1}% 5
\BOOKMARK [2][-]{subsection.1.2}{\376\377\004\034\004\065\004\102\004\076\004\064\000\040\004\077\004\100\004\076\004\063\004\076\004\075\004\072\004\070}{section.1}% 6
\BOOKMARK [3][-]{subsubsection.1.2.1}{\376\377\004\037\004\076\004\101\004\102\004\060\004\075\004\076\004\062\004\072\004\060\000\040\004\067\004\060\004\064\004\060\004\107\004\070}{subsection.1.2}% 7
\BOOKMARK [3][-]{subsubsection.1.2.2}{\376\377\004\032\004\076\004\075\004\101\004\076\004\073\004\114}{subsection.1.2}% 8
\BOOKMARK [3][-]{subsubsection.1.2.3}{\376\377\004\030\004\101\004\105\004\076\004\064\004\075\004\113\004\071\000\040\004\072\004\076\004\064}{subsection.1.2}% 9
\BOOKMARK [2][-]{subsection.1.3}{\376\377\004\030\004\102\004\065\004\100\004\060\004\106\004\070\004\076\004\075\004\075\004\113\004\065\000\040\004\074\004\065\004\102\004\076\004\064\004\113\000\040\004\100\004\065\004\110\004\065\004\075\004\070\004\117\000\040\004\041\004\033\004\020\004\043}{section.1}% 10
\BOOKMARK [3][-]{subsubsection.1.3.1}{\376\377\004\037\004\076\004\101\004\102\004\060\004\075\004\076\004\062\004\072\004\060\000\040\004\067\004\060\004\064\004\060\004\107\004\070}{subsection.1.3}% 11
\BOOKMARK [3][-]{subsubsection.1.3.2}{\376\377\004\032\004\076\004\075\004\101\004\076\004\073\004\114}{subsection.1.3}% 12
\BOOKMARK [3][-]{subsubsection.1.3.3}{\376\377\004\030\004\101\004\105\004\076\004\064\004\075\004\113\004\071\000\040\004\072\004\076\004\064}{subsection.1.3}% 13
\BOOKMARK [2][-]{subsection.1.4}{\376\377\004\034\004\065\004\102\004\076\004\064\000\040\004\062\004\100\004\060\004\111\004\065\004\075\004\070\004\071}{section.1}% 14
\BOOKMARK [3][-]{subsubsection.1.4.1}{\376\377\004\037\004\076\004\101\004\102\004\060\004\075\004\076\004\062\004\072\004\060\000\040\004\067\004\060\004\064\004\060\004\107\004\070}{subsection.1.4}% 15
\BOOKMARK [3][-]{subsubsection.1.4.2}{\376\377\004\032\004\076\004\075\004\101\004\076\004\073\004\114}{subsection.1.4}% 16
\BOOKMARK [3][-]{subsubsection.1.4.3}{\376\377\004\030\004\101\004\105\004\076\004\064\004\075\004\113\004\071\000\040\004\072\004\076\004\064}{subsection.1.4}% 17
\BOOKMARK [2][-]{subsection.1.5}{\376\377\000Q\000R\000\040\004\060\004\073\004\063\004\076\004\100\004\070\004\102\004\074}{section.1}% 18
\BOOKMARK [3][-]{subsubsection.1.5.1}{\376\377\004\037\004\076\004\101\004\102\004\060\004\075\004\076\004\062\004\072\004\060\000\040\004\067\004\060\004\064\004\060\004\107\004\070}{subsection.1.5}% 19
\BOOKMARK [3][-]{subsubsection.1.5.2}{\376\377\004\032\004\076\004\075\004\101\004\076\004\073\004\114}{subsection.1.5}% 20
\BOOKMARK [3][-]{subsubsection.1.5.3}{\376\377\004\030\004\101\004\105\004\076\004\064\004\075\004\113\004\071\000\040\004\072\004\076\004\064}{subsection.1.5}% 21
\BOOKMARK [1][-]{section.2}{\376\377\004\047\004\070\004\101\004\073\004\065\004\075\004\075\004\113\004\065\000\040\004\074\004\065\004\102\004\076\004\064\004\113\000\040\004\100\004\065\004\110\004\065\004\075\004\070\004\117\000\040\004\075\004\065\004\073\004\070\004\075\004\065\004\071\004\075\004\113\004\105\000\040\004\103\004\100\004\060\004\062\004\075\004\065\004\075\004\070\004\071}{}% 22
\BOOKMARK [2][-]{subsection.2.1}{\376\377\004\040\004\065\004\110\004\065\004\075\004\070\004\065\000\040\004\075\004\065\004\073\004\070\004\075\004\065\004\071\004\075\004\113\004\105\000\040\004\103\004\100\004\060\004\062\004\075\004\065\004\075\004\070\004\071}{section.2}% 23
\BOOKMARK [3][-]{subsubsection.2.1.1}{\376\377\004\037\004\076\004\101\004\102\004\060\004\075\004\076\004\062\004\072\004\060\000\040\004\067\004\060\004\064\004\060\004\107\004\070}{subsection.2.1}% 24
\BOOKMARK [3][-]{subsubsection.2.1.2}{\376\377\004\032\004\076\004\075\004\101\004\076\004\073\004\114}{subsection.2.1}% 25
\BOOKMARK [3][-]{subsubsection.2.1.3}{\376\377\004\030\004\101\004\105\004\076\004\064\004\075\004\113\004\071\000\040\004\072\004\076\004\064}{subsection.2.1}% 26
\BOOKMARK [2][-]{subsection.2.2}{\376\377\004\040\004\065\004\110\004\065\004\075\004\070\004\065\000\040\004\075\004\065\004\073\004\070\004\075\004\065\004\071\004\075\004\113\004\105\000\040\004\101\004\070\004\101\004\102\004\065\004\074\000\040\004\103\004\100\004\060\004\062\004\075\004\065\004\075\004\070\004\071}{section.2}% 27
\BOOKMARK [3][-]{subsubsection.2.2.1}{\376\377\004\037\004\076\004\101\004\102\004\060\004\075\004\076\004\062\004\072\004\060\000\040\004\067\004\060\004\064\004\060\004\107\004\070}{subsection.2.2}% 28
\BOOKMARK [3][-]{subsubsection.2.2.2}{\376\377\004\032\004\076\004\075\004\101\004\076\004\073\004\114}{subsection.2.2}% 29
\BOOKMARK [3][-]{subsubsection.2.2.3}{\376\377\004\030\004\101\004\105\004\076\004\064\004\075\004\113\004\071\000\040\004\072\004\076\004\064}{subsection.2.2}% 30
\BOOKMARK [1][-]{section.3}{\376\377\004\034\004\065\004\102\004\076\004\064\004\113\000\040\004\077\004\100\004\070\004\061\004\073\004\070\004\066\004\065\004\075\004\070\004\117\000\040\004\104\004\103\004\075\004\072\004\106\004\070\004\071}{}% 31
\BOOKMARK [2][-]{subsection.3.1}{\376\377\004\037\004\076\004\073\004\070\004\075\004\076\004\074\004\070\004\060\004\073\004\114\004\075\004\060\004\117\000\040\004\070\004\075\004\102\004\065\004\100\004\077\004\076\004\073\004\117\004\106\004\070\004\117}{section.3}% 32
\BOOKMARK [3][-]{subsubsection.3.1.1}{\376\377\004\037\004\076\004\101\004\102\004\060\004\075\004\076\004\062\004\072\004\060\000\040\004\067\004\060\004\064\004\060\004\107\004\070}{subsection.3.1}% 33
\BOOKMARK [3][-]{subsubsection.3.1.2}{\376\377\004\032\004\076\004\075\004\101\004\076\004\073\004\114}{subsection.3.1}% 34
\BOOKMARK [3][-]{subsubsection.3.1.3}{\376\377\004\030\004\101\004\105\004\076\004\064\004\075\004\113\004\071\000\040\004\072\004\076\004\064}{subsection.3.1}% 35
\BOOKMARK [2][-]{subsection.3.2}{\376\377\004\041\004\077\004\073\004\060\004\071\000-\004\070\004\075\004\102\004\065\004\100\004\077\004\076\004\073\004\117\004\106\004\070\004\117}{section.3}% 36
\BOOKMARK [3][-]{subsubsection.3.2.1}{\376\377\004\037\004\076\004\101\004\102\004\060\004\075\004\076\004\062\004\072\004\060\000\040\004\067\004\060\004\064\004\060\004\107\004\070}{subsection.3.2}% 37
\BOOKMARK [3][-]{subsubsection.3.2.2}{\376\377\004\032\004\076\004\075\004\101\004\076\004\073\004\114}{subsection.3.2}% 38
\BOOKMARK [3][-]{subsubsection.3.2.3}{\376\377\004\040\004\065\004\067\004\103\004\073\004\114\004\102\004\060\004\102}{subsection.3.2}% 39
\BOOKMARK [3][-]{subsubsection.3.2.4}{\376\377\004\030\004\101\004\105\004\076\004\064\004\075\004\113\004\071\000\040\004\072\004\076\004\064}{subsection.3.2}% 40
\BOOKMARK [2][-]{subsection.3.3}{\376\377\004\034\004\065\004\102\004\076\004\064\000\040\004\075\004\060\004\070\004\074\004\065\004\075\004\114\004\110\004\070\004\105\000\040\004\072\004\062\004\060\004\064\004\100\004\060\004\102\004\076\004\062}{section.3}% 41
\BOOKMARK [3][-]{subsubsection.3.3.1}{\376\377\004\037\004\076\004\101\004\102\004\060\004\075\004\076\004\062\004\072\004\060\000\040\004\067\004\060\004\064\004\060\004\107\004\070}{subsection.3.3}% 42
\BOOKMARK [3][-]{subsubsection.3.3.2}{\376\377\004\032\004\076\004\075\004\101\004\076\004\073\004\114}{subsection.3.3}% 43
\BOOKMARK [3][-]{subsubsection.3.3.3}{\376\377\004\040\004\065\004\067\004\103\004\073\004\114\004\102\004\060\004\102}{subsection.3.3}% 44
\BOOKMARK [3][-]{subsubsection.3.3.4}{\376\377\004\030\004\101\004\105\004\076\004\064\004\075\004\113\004\071\000\040\004\072\004\076\004\064}{subsection.3.3}% 45
\BOOKMARK [2][-]{subsection.3.4}{\376\377\004\047\004\070\004\101\004\073\004\065\004\075\004\075\004\076\004\065\000\040\004\064\004\070\004\104\004\104\004\065\004\100\004\065\004\075\004\106\004\070\004\100\004\076\004\062\004\060\004\075\004\070\004\065}{section.3}% 46
\BOOKMARK [3][-]{subsubsection.3.4.1}{\376\377\004\037\004\076\004\101\004\102\004\060\004\075\004\076\004\062\004\072\004\060\000\040\004\067\004\060\004\064\004\060\004\107\004\070}{subsection.3.4}% 47
\BOOKMARK [3][-]{subsubsection.3.4.2}{\376\377\004\032\004\076\004\075\004\101\004\076\004\073\004\114}{subsection.3.4}% 48
\BOOKMARK [3][-]{subsubsection.3.4.3}{\376\377\004\030\004\101\004\105\004\076\004\064\004\075\004\113\004\071\000\040\004\072\004\076\004\064}{subsection.3.4}% 49
\BOOKMARK [2][-]{subsection.3.5}{\376\377\004\047\004\070\004\101\004\073\004\065\004\075\004\075\004\076\004\065\000\040\004\070\004\075\004\102\004\065\004\063\004\100\004\070\004\100\004\076\004\062\004\060\004\075\004\070\004\065}{section.3}% 50
\BOOKMARK [3][-]{subsubsection.3.5.1}{\376\377\004\037\004\076\004\101\004\102\004\060\004\075\004\076\004\062\004\072\004\060\000\040\004\067\004\060\004\064\004\060\004\107\004\070}{subsection.3.5}% 51
\BOOKMARK [3][-]{subsubsection.3.5.2}{\376\377\004\032\004\076\004\075\004\101\004\076\004\073\004\114}{subsection.3.5}% 52
\BOOKMARK [3][-]{subsubsection.3.5.3}{\376\377\004\030\004\101\004\105\004\076\004\064\004\075\004\113\004\071\000\040\004\072\004\076\004\064}{subsection.3.5}% 53
\BOOKMARK [1][-]{section.4}{\376\377\004\034\004\065\004\102\004\076\004\064\004\113\000\040\004\100\004\065\004\110\004\065\004\075\004\070\004\117\000\040\004\076\004\061\004\113\004\072\004\075\004\076\004\062\004\065\004\075\004\075\004\113\004\105\000\040\004\064\004\070\004\104\004\104\004\065\004\100\004\065\004\075\004\106\004\070\004\060\004\073\004\114\004\075\004\113\004\105\000\040\004\103\004\100\004\060\004\062\004\075\004\065\004\075\004\070\004\071}{}% 54
\BOOKMARK [2][-]{subsection.4.1}{\376\377\004\040\004\065\004\110\004\065\004\075\004\070\004\065\000\040\004\067\004\060\004\064\004\060\004\107\004\070\000\040\004\032\004\076\004\110\004\070\000\040\004\064\004\073\004\117\000\040\004\036\004\024\004\043}{section.4}% 55
\BOOKMARK [3][-]{subsubsection.4.1.1}{\376\377\004\037\004\076\004\101\004\102\004\060\004\075\004\076\004\062\004\072\004\060\000\040\004\067\004\060\004\064\004\060\004\107\004\070}{subsection.4.1}% 56
\BOOKMARK [3][-]{subsubsection.4.1.2}{\376\377\004\032\004\076\004\075\004\101\004\076\004\073\004\114}{subsection.4.1}% 57
\BOOKMARK [3][-]{subsubsection.4.1.3}{\376\377\004\040\004\065\004\067\004\103\004\073\004\114\004\102\004\060\004\102}{subsection.4.1}% 58
\BOOKMARK [3][-]{subsubsection.4.1.4}{\376\377\004\030\004\101\004\105\004\076\004\064\004\075\004\113\004\071\000\040\004\072\004\076\004\064}{subsection.4.1}% 59
\BOOKMARK [2][-]{subsection.4.2}{\376\377\004\040\004\065\004\110\004\065\004\075\004\070\004\065\000\040\004\072\004\100\004\060\004\065\004\062\004\113\004\105\000\040\004\067\004\060\004\064\004\060\004\107}{section.4}% 60
\BOOKMARK [3][-]{subsubsection.4.2.1}{\376\377\004\037\004\076\004\101\004\102\004\060\004\075\004\076\004\062\004\072\004\060\000\040\004\067\004\060\004\064\004\060\004\107\004\070}{subsection.4.2}% 61
\BOOKMARK [3][-]{subsubsection.4.2.2}{\376\377\004\032\004\076\004\075\004\101\004\076\004\073\004\114}{subsection.4.2}% 62
\BOOKMARK [3][-]{subsubsection.4.2.3}{\376\377\004\040\004\065\004\067\004\103\004\073\004\114\004\102\004\060\004\102}{subsection.4.2}% 63
\BOOKMARK [3][-]{subsubsection.4.2.4}{\376\377\004\030\004\101\004\105\004\076\004\064\004\075\004\113\004\071\000\040\004\072\004\076\004\064}{subsection.4.2}% 64
